Build started Mon 12 May 2014 16:40:06 PM.
     1>Project "e:\my documents\visual studio 2010\Projects\Chick\Chick\Chick.vcxproj" on node 2 (build target(s)).
     1>InitializeBuildStatus:
         Creating "Debug\Chick.unsuccessfulbuild" because "AlwaysCreate" was specified.
       ClCompile:
         All outputs are up-to-date.
         e:\Program Files (x86)\Microsoft Visual Studio 10.0\VC\bin\CL.exe /c /ZI /nologo /W3 /WX- /Od /Oy- /D WIN32 /D _DEBUG /D _CONSOLE /D _UNICODE /D UNICODE /Gm /EHsc /RTC1 /MDd /GS /fp:precise /Zc:wchar_t /Zc:forScope /Yu"StdAfx.h" /Fp"Debug\Chick.pch" /Fo"Debug\\" /Fd"Debug\vc100.pdb" /Gd /TP /analyze- /errorReport:prompt Chick.cpp
         Chick.cpp
     1>e:\my documents\visual studio 2010\projects\chick\chick\chick.cpp(199): warning C4101: 'gd' : unreferenced local variable
       ManifestResourceCompile:
         All outputs are up-to-date.
       Link:
         e:\Program Files (x86)\Microsoft Visual Studio 10.0\VC\bin\link.exe /ERRORREPORT:PROMPT /OUT:"e:\my documents\visual studio 2010\Projects\Chick\Debug\Chick.exe" /INCREMENTAL /NOLOGO /LIBPATH:"C:\Program Files (x86)\Microsoft Visual Studio 12.0\VC\lib" /LIBPATH:"E:\Program Files (x86)\Microsoft Visual Studio 10.0\VC\lib" kernel32.lib user32.lib gdi32.lib winspool.lib comdlg32.lib advapi32.lib shell32.lib ole32.lib oleaut32.lib uuid.lib odbc32.lib odbccp32.lib /MANIFEST /ManifestFile:"Debug\Chick.exe.intermediate.manifest" /MANIFESTUAC:"level='asInvoker' uiAccess='false'" /DEBUG /PDB:"e:\my documents\visual studio 2010\Projects\Chick\Debug\Chick.pdb" /SUBSYSTEM:CONSOLE /TLBID:1 /DYNAMICBASE /NXCOMPAT /IMPLIB:"e:\my documents\visual studio 2010\Projects\Chick\Debug\Chick.lib" /MACHINE:X86 Debug\Chick.exe.embed.manifest.res
         Debug\Chick.obj
         Debug\stdafx.obj
       Manifest:
         C:\Program Files (x86)\Microsoft SDKs\Windows\v7.0A\bin\mt.exe /nologo /verbose /out:"Debug\Chick.exe.embed.manifest" /manifest Debug\Chick.exe.intermediate.manifest
         All outputs are up-to-date.
       LinkEmbedManifest:
         All outputs are up-to-date.
         Chick.vcxproj -> e:\my documents\visual studio 2010\Projects\Chick\Debug\Chick.exe
       FinalizeBuildStatus:
         Deleting file "Debug\Chick.unsuccessfulbuild".
         Touching "Debug\Chick.lastbuildstate".
     1>Done Building Project "e:\my documents\visual studio 2010\Projects\Chick\Chick\Chick.vcxproj" (build target(s)).

Build succeeded.

Time Elapsed 00:00:00.77
